TN:
SF:src/CryptoFundMe.sol
FN:115,CryptoFundMe.createCampaign
FNDA:5888,CryptoFundMe.createCampaign
DA:122,5888
FN:135,CryptoFundMe.createCampaign
FNDA:1536,CryptoFundMe.createCampaign
DA:143,7424
BRDA:143,0,0,256
BRDA:143,0,1,7168
DA:144,7168
BRDA:144,1,0,256
BRDA:144,1,1,6912
DA:146,6912
DA:156,6912
DA:158,6912
DA:161,6912
FN:170,CryptoFundMe.donateEtherToCampaign
FNDA:3072,CryptoFundMe.donateEtherToCampaign
DA:171,2560
BRDA:171,2,0,256
BRDA:171,2,1,2304
DA:173,2304
DA:174,2304
DA:175,2304
DA:176,2304
DA:178,2304
DA:180,2304
DA:181,2304
DA:183,2304
BRDA:183,3,0,256
BRDA:183,3,1,2048
DA:185,2048
DA:187,2048
BRDA:187,4,0,256
BRDA:187,4,1,1792
DA:189,1792
DA:191,1792
FN:201,CryptoFundMe.donateERC20ToCampaign
FNDA:1280,CryptoFundMe.donateERC20ToCampaign
DA:206,768
BRDA:206,5,0,256
BRDA:206,5,1,512
DA:210,512
DA:211,512
DA:212,512
DA:213,512
DA:215,512
DA:217,512
DA:219,512
DA:220,512
DA:222,512
DA:224,512
FN:232,CryptoFundMe.getCampaignDonations
FNDA:256,CryptoFundMe.getCampaignDonations
DA:233,256
FN:240,CryptoFundMe.getCampaigns
FNDA:512,CryptoFundMe.getCampaigns
DA:241,512
DA:243,512
DA:244,768
DA:245,768
FN:255,CryptoFundMe.changeDeadline
FNDA:1536,CryptoFundMe.changeDeadline
DA:261,768
BRDA:261,6,0,256
BRDA:261,6,1,512
DA:263,512
DA:265,512
BRDA:265,7,0,256
BRDA:265,7,1,256
DA:267,256
DA:269,256
FN:278,CryptoFundMe.changeTargetAmount
FNDA:1536,CryptoFundMe.changeTargetAmount
DA:284,768
BRDA:284,8,0,256
BRDA:284,8,1,512
DA:286,512
DA:288,512
BRDA:288,9,0,256
BRDA:288,9,1,256
DA:290,256
DA:292,256
FN:299,CryptoFundMe.setChangeFee
FNDA:512,CryptoFundMe.setChangeFee
DA:300,512
BRDA:300,10,0,256
BRDA:300,10,1,256
DA:302,256
FN:309,CryptoFundMe.setFeeTo
FNDA:512,CryptoFundMe.setFeeTo
DA:310,512
BRDA:310,11,0,256
BRDA:310,11,1,256
DA:312,256
FN:320,CryptoFundMe.calculateFee
FNDA:1280,CryptoFundMe.calculateFee
DA:321,4096
FNF:11
FNH:11
LF:51
LH:51
BRF:24
BRH:24
end_of_record
TN:
SF:test/harnesses/CryptoFundMeHarness.sol
FN:7,CryptoFundMeHarness.exposed_feeTo
FNDA:256,CryptoFundMeHarness.exposed_feeTo
DA:8,256
FNF:1
FNH:1
LF:1
LH:1
BRF:0
BRH:0
end_of_record
