TN:
SF:src/CryptoFundMe.sol
FN:181,CryptoFundMe.createCampaign
FNDA:6144,CryptoFundMe.createCampaign
DA:188,6144
FN:201,CryptoFundMe.createCampaign
FNDA:1792,CryptoFundMe.createCampaign
DA:210,7936
BRDA:210,0,0,256
BRDA:210,0,1,7680
DA:218,7680
BRDA:218,1,0,256
BRDA:218,1,1,7424
DA:227,7424
DA:237,7424
DA:238,7424
DA:240,7424
DA:243,7424
DA:245,7424
FN:254,CryptoFundMe.donateEtherToCampaign
FNDA:2816,CryptoFundMe.donateEtherToCampaign
DA:255,2304
DA:256,2304
DA:257,2304
DA:258,2304
DA:260,2304
DA:262,2304
DA:263,2304
DA:265,2304
BRDA:265,2,0,256
BRDA:265,2,1,2048
DA:274,2048
DA:276,2048
BRDA:276,3,0,256
BRDA:276,3,1,1792
DA:285,1792
DA:288,1792
FN:298,CryptoFundMe.donateERC20ToCampaign
FNDA:1536,CryptoFundMe.donateERC20ToCampaign
DA:303,1024
DA:306,1024
BRDA:306,4,0,256
BRDA:306,4,1,768
DA:315,768
DA:316,768
DA:317,768
DA:319,768
DA:321,768
DA:324,768
DA:326,768
DA:328,768
DA:331,768
FN:339,CryptoFundMe.getCampaignDonations
FNDA:256,CryptoFundMe.getCampaignDonations
DA:340,256
FN:347,CryptoFundMe.getCampaigns
FNDA:512,CryptoFundMe.getCampaigns
DA:348,512
DA:349,512
DA:351,512
DA:352,768
DA:353,768
DA:356,768
FN:367,CryptoFundMe.changeDeadline
FNDA:1536,CryptoFundMe.changeDeadline
DA:374,768
BRDA:374,5,0,256
BRDA:374,5,1,512
DA:384,512
DA:387,512
BRDA:387,6,0,256
BRDA:387,6,1,256
DA:397,256
DA:399,256
FN:408,CryptoFundMe.changeTargetAmount
FNDA:1536,CryptoFundMe.changeTargetAmount
DA:415,768
BRDA:415,7,0,256
BRDA:415,7,1,512
DA:424,512
DA:426,512
BRDA:426,8,0,256
BRDA:426,8,1,256
DA:435,256
DA:437,256
FN:444,CryptoFundMe.setChangeFee
FNDA:512,CryptoFundMe.setChangeFee
DA:445,256
FN:452,CryptoFundMe.setFeeTo
FNDA:512,CryptoFundMe.setFeeTo
DA:453,256
BRDA:453,9,0,-
BRDA:453,9,1,256
DA:462,256
FN:469,CryptoFundMe.removeCampaign
FNDA:512,CryptoFundMe.removeCampaign
DA:470,256
DA:472,256
FN:480,CryptoFundMe.calculateFee
FNDA:1792,CryptoFundMe.calculateFee
DA:481,4864
FNF:12
FNH:12
LF:55
LH:55
BRF:20
BRH:19
end_of_record
TN:
SF:test/harnesses/CryptoFundMeHarness.sol
FN:7,CryptoFundMeHarness.exposed_feeTo
FNDA:256,CryptoFundMeHarness.exposed_feeTo
DA:8,256
FNF:1
FNH:1
LF:1
LH:1
BRF:0
BRH:0
end_of_record
